<?xml version="1.0" encoding="UTF-8"?>
<testng-results skipped="0" failed="0" total="1" passed="1">
  <reporter-output>
    <line>
      <![CDATA[login success]]>
    </line>
    <line>
      <![CDATA[logout success]]>
    </line>
  </reporter-output>
  <suite name="Default suite" duration-ms="4613" started-at="2022-08-19T00:24:02Z" finished-at="2022-08-19T00:24:06Z">
    <groups>
    </groups>
    <test name="Default test" duration-ms="4613" started-at="2022-08-19T00:24:02Z" finished-at="2022-08-19T00:24:06Z">
      <class name="driverfactory.driverscript">
        <test-method status="PASS" signature="setup()[pri:0, instance:driverfactory.driverscript@59fa1d9b]" name="setup" is-config="true" duration-ms="9500" started-at="2022-08-18T17:23:52Z" finished-at="2022-08-18T17:24:02Z">
          <reporter-output>
          </reporter-output>
        </test-method> <!-- setup -->
        <test-method status="PASS" signature="starttest()[pri:0, instance:driverfactory.driverscript@59fa1d9b]" name="starttest" duration-ms="4592" started-at="2022-08-18T17:24:02Z" finished-at="2022-08-18T17:24:06Z">
          <reporter-output>
            <line>
              <![CDATA[login success]]>
            </line>
            <line>
              <![CDATA[logout success]]>
            </line>
          </reporter-output>
        </test-method> <!-- starttest -->
        <test-method status="PASS" signature="teardown()[pri:0, instance:driverfactory.driverscript@59fa1d9b]" name="teardown" is-config="true" duration-ms="4189" started-at="2022-08-18T17:24:06Z" finished-at="2022-08-18T17:24:11Z">
          <reporter-output>
          </reporter-output>
        </test-method> <!-- teardown -->
      </class> <!-- driverfactory.driverscript -->
    </test> <!-- Default test -->
  </suite> <!-- Default suite -->
</testng-results>
